mode: set
github.com/toasterbook88/axis/internal/mcp/server.go:53.73,55.2 1 0
github.com/toasterbook88/axis/internal/mcp/server.go:57.70,71.2 4 1
github.com/toasterbook88/axis/internal/mcp/server.go:73.81,80.127 2 1
github.com/toasterbook88/axis/internal/mcp/server.go:80.127,82.3 1 0
github.com/toasterbook88/axis/internal/mcp/server.go:85.77,92.93 1 1
github.com/toasterbook88/axis/internal/mcp/server.go:92.93,94.4 1 0
github.com/toasterbook88/axis/internal/mcp/server.go:97.2,108.93 1 1
github.com/toasterbook88/axis/internal/mcp/server.go:108.93,110.4 1 0
github.com/toasterbook88/axis/internal/mcp/server.go:113.2,119.93 1 1
github.com/toasterbook88/axis/internal/mcp/server.go:119.93,121.4 1 0
github.com/toasterbook88/axis/internal/mcp/server.go:124.2,195.3 7 1
github.com/toasterbook88/axis/internal/mcp/server.go:199.54,201.2 1 0
github.com/toasterbook88/axis/internal/mcp/server.go:203.155,205.16 2 1
github.com/toasterbook88/axis/internal/mcp/server.go:205.16,207.3 1 1
github.com/toasterbook88/axis/internal/mcp/server.go:209.2,210.16 2 1
github.com/toasterbook88/axis/internal/mcp/server.go:210.16,212.3 1 0
github.com/toasterbook88/axis/internal/mcp/server.go:214.2,220.8 1 1
github.com/toasterbook88/axis/internal/mcp/server.go:223.144,225.16 2 1
github.com/toasterbook88/axis/internal/mcp/server.go:225.16,227.3 1 0
github.com/toasterbook88/axis/internal/mcp/server.go:228.2,228.41 1 1
github.com/toasterbook88/axis/internal/mcp/server.go:231.146,233.16 2 1
github.com/toasterbook88/axis/internal/mcp/server.go:233.16,235.3 1 0
github.com/toasterbook88/axis/internal/mcp/server.go:237.2,238.16 2 1
github.com/toasterbook88/axis/internal/mcp/server.go:238.16,240.3 1 0
github.com/toasterbook88/axis/internal/mcp/server.go:242.2,245.45 4 1
github.com/toasterbook88/axis/internal/mcp/server.go:248.139,249.14 1 1
github.com/toasterbook88/axis/internal/mcp/server.go:249.14,251.17 2 1
github.com/toasterbook88/axis/internal/mcp/server.go:251.17,253.4 1 0
github.com/toasterbook88/axis/internal/mcp/server.go:254.3,254.65 1 1
github.com/toasterbook88/axis/internal/mcp/server.go:257.2,258.16 2 1
github.com/toasterbook88/axis/internal/mcp/server.go:258.16,260.3 1 0
github.com/toasterbook88/axis/internal/mcp/server.go:262.2,263.17 2 1
github.com/toasterbook88/axis/internal/mcp/server.go:263.17,266.28 3 1
github.com/toasterbook88/axis/internal/mcp/server.go:266.28,268.4 1 1
github.com/toasterbook88/axis/internal/mcp/server.go:270.2,270.44 1 1
github.com/toasterbook88/axis/internal/mcp/server.go:273.105,277.2 3 1
github.com/toasterbook88/axis/internal/mcp/server.go:279.102,286.2 3 1
github.com/toasterbook88/axis/internal/mcp/server.go:288.111,292.2 3 1
github.com/toasterbook88/axis/internal/mcp/server.go:294.109,296.16 2 1
github.com/toasterbook88/axis/internal/mcp/server.go:296.16,298.3 1 1
github.com/toasterbook88/axis/internal/mcp/server.go:299.2,301.67 3 1
github.com/toasterbook88/axis/internal/mcp/server.go:304.111,308.2 3 1
github.com/toasterbook88/axis/internal/mcp/server.go:310.104,314.2 3 1
github.com/toasterbook88/axis/internal/mcp/server.go:316.115,318.16 2 1
github.com/toasterbook88/axis/internal/mcp/server.go:318.16,320.3 1 0
github.com/toasterbook88/axis/internal/mcp/server.go:322.2,323.16 2 1
github.com/toasterbook88/axis/internal/mcp/server.go:323.16,325.3 1 1
github.com/toasterbook88/axis/internal/mcp/server.go:327.2,328.9 2 1
github.com/toasterbook88/axis/internal/mcp/server.go:328.9,330.3 1 1
github.com/toasterbook88/axis/internal/mcp/server.go:332.2,345.19 7 1
github.com/toasterbook88/axis/internal/mcp/server.go:345.19,347.3 1 0
github.com/toasterbook88/axis/internal/mcp/server.go:349.2,349.43 1 1
github.com/toasterbook88/axis/internal/mcp/server.go:352.109,353.14 1 1
github.com/toasterbook88/axis/internal/mcp/server.go:353.14,355.17 2 1
github.com/toasterbook88/axis/internal/mcp/server.go:355.17,357.4 1 1
github.com/toasterbook88/axis/internal/mcp/server.go:358.3,358.19 1 1
github.com/toasterbook88/axis/internal/mcp/server.go:361.2,364.16 4 1
github.com/toasterbook88/axis/internal/mcp/server.go:364.16,366.3 1 1
github.com/toasterbook88/axis/internal/mcp/server.go:367.2,367.25 1 1
github.com/toasterbook88/axis/internal/mcp/server.go:370.137,371.15 1 1
github.com/toasterbook88/axis/internal/mcp/server.go:371.15,375.17 4 1
github.com/toasterbook88/axis/internal/mcp/server.go:375.17,377.4 1 0
github.com/toasterbook88/axis/internal/mcp/server.go:378.3,378.36 1 1
github.com/toasterbook88/axis/internal/mcp/server.go:381.2,382.16 2 1
github.com/toasterbook88/axis/internal/mcp/server.go:382.16,384.3 1 1
github.com/toasterbook88/axis/internal/mcp/server.go:386.2,387.34 2 1
github.com/toasterbook88/axis/internal/mcp/server.go:387.34,389.3 1 1
github.com/toasterbook88/axis/internal/mcp/server.go:390.2,390.21 1 1
github.com/toasterbook88/axis/internal/mcp/server.go:390.21,396.3 2 1
github.com/toasterbook88/axis/internal/mcp/server.go:397.2,397.22 1 1
github.com/toasterbook88/axis/internal/mcp/server.go:400.90,401.39 1 1
github.com/toasterbook88/axis/internal/mcp/server.go:401.39,402.26 1 1
github.com/toasterbook88/axis/internal/mcp/server.go:402.26,403.12 1 0
github.com/toasterbook88/axis/internal/mcp/server.go:405.3,405.51 1 1
github.com/toasterbook88/axis/internal/mcp/server.go:405.51,407.4 1 1
github.com/toasterbook88/axis/internal/mcp/server.go:409.2,413.3 1 1
github.com/toasterbook88/axis/internal/mcp/server.go:416.81,418.16 2 1
github.com/toasterbook88/axis/internal/mcp/server.go:418.16,424.3 1 1
github.com/toasterbook88/axis/internal/mcp/server.go:426.2,433.16 4 1
github.com/toasterbook88/axis/internal/mcp/server.go:433.16,435.3 1 1
github.com/toasterbook88/axis/internal/mcp/server.go:436.2,436.15 1 1
github.com/toasterbook88/axis/internal/mcp/server.go:439.62,441.2 1 1
